Device cuda:0
book: assets/book_EN_democracy_in_the_US.txt
Initialize dataset with 1148437 characters, 38 unique.
[2019-11-26 16:36] Train Step 0000/5000.000000, Batch Size = 64, Examples/Sec = 1897.65, Accuracy = 0.00, Loss = 3.696
Generated sentence with length of 20
 55555555555555555555
Generated sentence with length of 30
w555555555555555555555555555555
Generated sentence with length of 60
4555555555555555555555555555555555555555555555555555555555555
Generated sentence with length of 100
f5555555555555555555555555555555555555555555555555555555555555555555555555555555555555555555555555555
[2019-11-26 16:36] Train Step 0500/5000.000000, Batch Size = 64, Examples/Sec = 8438.71, Accuracy = 0.49, Loss = 1.678
Generated sentence with length of 20
the proses of the sel
Generated sentence with length of 30
jection of the select of the se
Generated sentence with length of 60
 the select of the select of the select of the select of the
Generated sentence with length of 100
ce of the select of the select of the select of the select of the select of the select of the select 
[2019-11-26 16:36] Train Step 1000/5000.000000, Batch Size = 64, Examples/Sec = 8403.84, Accuracy = 0.56, Loss = 1.439
Generated sentence with length of 20
0 and the state of th
Generated sentence with length of 30
on the country of the present t
Generated sentence with length of 60
light the americans of the present to the more consequence of
Generated sentence with length of 100
f the present of the present to the more consequence of the united states of the present to the more 
[2019-11-26 16:36] Train Step 1500/5000.000000, Batch Size = 64, Examples/Sec = 8441.10, Accuracy = 0.59, Loss = 1.346
Generated sentence with length of 20
s the state of the st
Generated sentence with length of 30
200 and the state of the state 
Generated sentence with length of 60
judicial consequences of the state of the state of the state 
Generated sentence with length of 100
ke the states of the state of the state of the state of the state of the state of the state of the st
[2019-11-26 16:36] Train Step 2000/5000.000000, Batch Size = 64, Examples/Sec = 8427.59, Accuracy = 0.63, Loss = 1.213
Generated sentence with length of 20
40 in the constituti
Generated sentence with length of 30
 the constitution of the consti
Generated sentence with length of 60
100 in the constitution of the constitution of the constitut
Generated sentence with length of 100
the present the constitution of the constitution of the constitution of the constitution of the const
[2019-11-26 16:36] Train Step 2500/5000.000000, Batch Size = 64, Examples/Sec = 8404.37, Accuracy = 0.62, Loss = 1.206
Generated sentence with length of 20
ut the same people in
Generated sentence with length of 30
present that the present day an
Generated sentence with length of 60
rest the states of the country of the country of the country 
Generated sentence with length of 100
be that the present day and the country and the constitution of the country of the country of the co
[2019-11-26 16:36] Train Step 3000/5000.000000, Batch Size = 64, Examples/Sec = 8413.06, Accuracy = 0.64, Loss = 1.132
Generated sentence with length of 20
9 the president of t
Generated sentence with length of 30
on the same principle of the st
Generated sentence with length of 60
d the same principle of the state of the state of the state o
Generated sentence with length of 100
d the same principle of the state of the state of the state of the state of the state of the state of
[2019-11-26 16:36] Train Step 3500/5000.000000, Batch Size = 64, Examples/Sec = 8415.96, Accuracy = 0.64, Loss = 1.125
Generated sentence with length of 20
zed to the same power
Generated sentence with length of 30
4 the present day the present
Generated sentence with length of 60
n the present day the present day the present day the pres
Generated sentence with length of 100
judicial power is a present the present day the present day the present day the present day the p
[2019-11-26 16:36] Train Step 4000/5000.000000, Batch Size = 64, Examples/Sec = 8443.49, Accuracy = 0.63, Loss = 1.173
Generated sentence with length of 20
ce of the people whic
Generated sentence with length of 30
zensity of the people which are
Generated sentence with length of 60
0 the present destiny of the people which are the majority o
Generated sentence with length of 100
very limits of the people which is not to be all the contrary to the same power of the people which i
[2019-11-26 16:37] Train Step 4500/5000.000000, Batch Size = 64, Examples/Sec = 8424.15, Accuracy = 0.64, Loss = 1.164
Generated sentence with length of 20
30000 states which a
Generated sentence with length of 30
9000 of the states which is the
Generated sentence with length of 60
re the state of the country and the constitution of the stat
Generated sentence with length of 100
y of the state the state and the constitution of the state the state and the constitution of the 
[2019-11-26 16:37] Train Step 5000/5000.000000, Batch Size = 64, Examples/Sec = 8447.21, Accuracy = 0.63, Loss = 1.171
Generated sentence with length of 20
judicial power in the
Generated sentence with length of 30
s of the union will be admitted
Generated sentence with length of 60
and the same people is the same people is the same people is 
Generated sentence with length of 100
ver the same people is the same people is the same people is the same people is the same people is th
Done training.
